-------------------------------------------------------------------------------
Test set: com.google.Part2Test
-------------------------------------------------------------------------------
Tests run: 20, Failures: 20, Errors: 0, Skipped: 0, Time elapsed: 0.075 s <<< FAILURE! - in com.google.Part2Test
com.google.Part2Test.showPlaylistAfterRemoveAVideoFromPlaylistThenReAdd  Time elapsed: 0 s  <<< FAILURE!
org.opentest4j.AssertionFailedError: 
Couldn't find videos.txt
createPlaylist needs implementation
addVideoToPlaylist needs implementation
addVideoToPlaylist needs implementation
removeFromPlaylist needs implementation
addVideoToPlaylist needs implementation
showPlaylist needs implementation
 ==> expected: <8> but was: <7>
	at com.google.Part2Test.showPlaylistAfterRemoveAVideoFromPlaylistThenReAdd(Part2Test.java:131)

com.google.Part2Test.testDeletePlaylist  Time elapsed: 0.004 s  <<< FAILURE!
org.opentest4j.AssertionFailedError: 
Couldn't find videos.txt
createPlaylist needs implementation
deletePlaylist needs implementation
 ==> expected: <2> but was: <3>
	at com.google.Part2Test.testDeletePlaylist(Part2Test.java:235)

com.google.Part2Test.testClearPlaylist  Time elapsed: 0.003 s  <<< FAILURE!
org.opentest4j.AssertionFailedError: 
Couldn't find videos.txt
createPlaylist needs implementation
addVideoToPlaylist needs implementation
showPlaylist needs implementation
clearPlaylist needs implementation
showPlaylist needs implementation
 ==> expected: <7> but was: <6>
	at com.google.Part2Test.testClearPlaylist(Part2Test.java:208)

com.google.Part2Test.testClearPlaylistNonexistent  Time elapsed: 0.003 s  <<< FAILURE!
org.opentest4j.AssertionFailedError: expected: <1> but was: <2>
	at com.google.Part2Test.testClearPlaylistNonexistent(Part2Test.java:224)

com.google.Part2Test.testShowAllPlaylistsNoPlaylistsExist  Time elapsed: 0.001 s  <<< FAILURE!
org.opentest4j.AssertionFailedError: expected: <1> but was: <2>
	at com.google.Part2Test.testShowAllPlaylistsNoPlaylistsExist(Part2Test.java:85)

com.google.Part2Test.testAddVideoToPlaylistNonExistentVideo  Time elapsed: 0.002 s  <<< FAILURE!
org.opentest4j.AssertionFailedError: 
Couldn't find videos.txt
createPlaylist needs implementation
addVideoToPlaylist needs implementation
addVideoToPlaylist needs implementation
 ==> expected: <3> but was: <4>
	at com.google.Part2Test.testAddVideoToPlaylistNonExistentVideo(Part2Test.java:59)

com.google.Part2Test.testRemoveFromPlaylistNonexistentVideo  Time elapsed: 0.004 s  <<< FAILURE!
org.opentest4j.AssertionFailedError: 
Couldn't find videos.txt
createPlaylist needs implementation
addVideoToPlaylist needs implementation
removeFromPlaylist needs implementation
 ==> expected: <3> but was: <4>
	at com.google.Part2Test.testRemoveFromPlaylistNonexistentVideo(Part2Test.java:183)

com.google.Part2Test.testAddToPlaylist  Time elapsed: 0.003 s  <<< FAILURE!
java.lang.AssertionError: 

Expected: a string containing "Successfully created new playlist: my_playlist"
     but: was "Couldn't find videos.txt
createPlaylist needs implementation
addVideoToPlaylist needs implementation
"
	at com.google.Part2Test.testAddToPlaylist(Part2Test.java:34)

com.google.Part2Test.testAddVideoToPlaylistNonExistent  Time elapsed: 0.003 s  <<< FAILURE!
org.opentest4j.AssertionFailedError: expected: <1> but was: <2>
	at com.google.Part2Test.testAddVideoToPlaylistNonExistent(Part2Test.java:69)

com.google.Part2Test.testRemoveFromPlaylist  Time elapsed: 0.002 s  <<< FAILURE!
org.opentest4j.AssertionFailedError: 
Couldn't find videos.txt
createPlaylist needs implementation
addVideoToPlaylist needs implementation
removeFromPlaylist needs implementation
removeFromPlaylist needs implementation
 ==> expected: <4> but was: <5>
	at com.google.Part2Test.testRemoveFromPlaylist(Part2Test.java:155)

com.google.Part2Test.testAddToPlaylistAlreadyAdded  Time elapsed: 0.002 s  <<< FAILURE!
org.opentest4j.AssertionFailedError: 
Couldn't find videos.txt
createPlaylist needs implementation
addVideoToPlaylist needs implementation
addVideoToPlaylist needs implementation
 ==> expected: <3> but was: <4>
	at com.google.Part2Test.testAddToPlaylistAlreadyAdded(Part2Test.java:46)

com.google.Part2Test.testCreateExistingPlaylist  Time elapsed: 0.004 s  <<< FAILURE!
org.opentest4j.AssertionFailedError: 
Couldn't find videos.txt
createPlaylist needs implementation
createPlaylist needs implementation
 ==> expected: <2> but was: <3>
	at com.google.Part2Test.testCreateExistingPlaylist(Part2Test.java:23)

com.google.Part2Test.testShowPlaylistNonExistent  Time elapsed: 0.002 s  <<< FAILURE!
org.opentest4j.AssertionFailedError: expected: <1> but was: <2>
	at com.google.Part2Test.testShowPlaylistNonExistent(Part2Test.java:142)

com.google.Part2Test.testRemoveFromPlaylistVideoNotInPlaylist  Time elapsed: 0.002 s  <<< FAILURE!
org.opentest4j.AssertionFailedError: 
Couldn't find videos.txt
createPlaylist needs implementation
removeFromPlaylist needs implementation
 ==> expected: <2> but was: <3>
	at com.google.Part2Test.testRemoveFromPlaylistVideoNotInPlaylist(Part2Test.java:171)

com.google.Part2Test.testShowAllPlaylists  Time elapsed: 0.002 s  <<< FAILURE!
org.opentest4j.AssertionFailedError: 
Couldn't find videos.txt
createPlaylist needs implementation
createPlaylist needs implementation
showAllPlaylists needs implementation
 ==> expected: <5> but was: <4>
	at com.google.Part2Test.testShowAllPlaylists(Part2Test.java:96)

com.google.Part2Test.testAddVideoToPlaylistNoVideoNoPlaylist  Time elapsed: 0.003 s  <<< FAILURE!
org.opentest4j.AssertionFailedError: expected: <1> but was: <2>
	at com.google.Part2Test.testAddVideoToPlaylistNoVideoNoPlaylist(Part2Test.java:77)

com.google.Part2Test.testCreatePlaylist  Time elapsed: 0 s  <<< FAILURE!
org.opentest4j.AssertionFailedError: expected: <1> but was: <2>
	at com.google.Part2Test.testCreatePlaylist(Part2Test.java:13)

com.google.Part2Test.testDeletePlaylistNonexistent  Time elapsed: 0 s  <<< FAILURE!
org.opentest4j.AssertionFailedError: expected: <1> but was: <2>
	at com.google.Part2Test.testDeletePlaylistNonexistent(Part2Test.java:244)

com.google.Part2Test.testRemoveFromPlaylistNonexistentPlaylist  Time elapsed: 0.008 s  <<< FAILURE!
org.opentest4j.AssertionFailedError: expected: <1> but was: <2>
	at com.google.Part2Test.testRemoveFromPlaylistNonexistentPlaylist(Part2Test.java:194)

com.google.Part2Test.testShowPlaylist  Time elapsed: 0.005 s  <<< FAILURE!
org.opentest4j.AssertionFailedError: 
Couldn't find videos.txt
createPlaylist needs implementation
showPlaylist needs implementation
addVideoToPlaylist needs implementation
showPlaylist needs implementation
 ==> expected: <6> but was: <5>
	at com.google.Part2Test.testShowPlaylist(Part2Test.java:110)

